
Showing logs for build [32mcb-kubecd-environment-pr-177-13-gxxb2-1[0m stage [32mfrom-build-pack[0m and container [32mstep-credential-initializer-5zhdq[0m
{"level":"warn","ts":1583570352.645003,"logger":"fallback-logger","caller":"logging/config.go:69","msg":"Fetch GitHub commit ID from kodata failed: \"ref: refs/heads/0.8.0-**-support-backwards-incompats\" is not a valid GitHub commit ID"}
{"level":"info","ts":1583570352.6457345,"logger":"fallback-logger","caller":"creds-init/main.go:40","msg":"Credentials initialized."}

Showing logs for build [32mcb-kubecd-environment-pr-177-13-gxxb2-1[0m stage [32mfrom-build-pack[0m and container [32mstep-working-dir-initializer-svc2l[0m
{"level":"warn","ts":1583570354.021753,"logger":"fallback-logger","caller":"logging/config.go:69","msg":"Fetch GitHub commit ID from kodata failed: open /var/run/ko/HEAD: no such file or directory"}
{"level":"info","ts":1583570354.0234537,"logger":"fallback-logger","caller":"bash/main.go:64","msg":"Successfully executed command \"sh -c mkdir -p /workspace/source\"; output "}

Showing logs for build [32mcb-kubecd-environment-pr-177-13-gxxb2-1[0m stage [32mfrom-build-pack[0m and container [32mstep-place-tools[0m

Showing logs for build [32mcb-kubecd-environment-pr-177-13-gxxb2-1[0m stage [32mfrom-build-pack[0m and container [32mstep-git-source-cb-kubecd-environment-pr-177-13-gxxb2-q924l[0m
{"level":"warn","ts":1583570359.1822252,"logger":"fallback-logger","caller":"logging/config.go:69","msg":"Fetch GitHub commit ID from kodata failed: \"ref: refs/heads/0.8.0-**-support-backwards-incompats\" is not a valid GitHub commit ID"}
{"level":"info","ts":1583570360.1973064,"logger":"fallback-logger","caller":"git/git.go:103","msg":"Successfully cloned https://github.com/cb-kubecd/environment-pr-177-13-boot-gke-production.git @ master in path /workspace/source"}

Showing logs for build [32mcb-kubecd-environment-pr-177-13-gxxb2-1[0m stage [32mfrom-build-pack[0m and container [32mstep-git-merge[0m
Using SHAs from PULL_REFS=master:5cb471c90ca482bed00a7eb7394d19665982c0c6,1:ccf0c9b98cfef71c5ecfb98ae1f83ecd4f89ea4d
DEBUG: LC_ALL=C JX_LOG_LEVEL=error git fetch origin --unshallow ccf0c9b98cfef71c5ecfb98ae1f83ecd4f89ea4d: 5cb471c90ca482bed00a7eb7394d19665982c0c6:
DEBUG: ran git fetch --unshallow origin ccf0c9b98cfef71c5ecfb98ae1f83ecd4f89ea4d: 5cb471c90ca482bed00a7eb7394d19665982c0c6: in 
DEBUG: LC_ALL=C JX_LOG_LEVEL=error git branch
DEBUG: JX_LOG_LEVEL=error LC_ALL=C git checkout master
DEBUG: ran git checkout master in 
DEBUG: LC_ALL=C JX_LOG_LEVEL=error git reset --hard 5cb471c90ca482bed00a7eb7394d19665982c0c6
DEBUG: ran git reset --hard 5cb471c90ca482bed00a7eb7394d19665982c0c6 in 
DEBUG: LC_ALL=C JX_LOG_LEVEL=error git clean -fd .
DEBUG: ran clean --force -d . in 
DEBUG: LC_ALL=C JX_LOG_LEVEL=error git merge ccf0c9b98cfef71c5ecfb98ae1f83ecd4f89ea4d
DEBUG: ran git merge ccf0c9b98cfef71c5ecfb98ae1f83ecd4f89ea4d in 
DEBUG: LC_ALL=C JX_LOG_LEVEL=error git log --format=%H%x1f%an%x1f%ae%x1f%cn%x1f%ce%x1f%s%n%b%x1e 5cb471c90ca482bed00a7eb7394d19665982c0c6..HEAD
Merged SHA ccf0c9b98cfef71c5ecfb98ae1f83ecd4f89ea4d with commit message 'chore: Promote bdd-spring-1583569469 to version 0.0.1' into base branch master

Showing logs for build [32mcb-kubecd-environment-pr-177-13-gxxb2-1[0m stage [32mfrom-build-pack[0m and container [32mstep-build-helm-build[0m
WARNING: No $CHART_REPOSITORY defined so using the default value of: http://jenkins-x-chartmuseum:8080
Adding missing Helm repo: storage.googleapis.com https://storage.googleapis.com/chartmuseum.jenkins-x.io
WARNING: No secrets found on "helm/repos" due: reading the secret "helm/repos" from vault: no secret "helm/repos" not found in vault
Read credentials for https://storage.googleapis.com/chartmuseum.jenkins-x.io from vault helm/repos
Successfully added Helm repository storage.googleapis.com.
Adding missing Helm repo: jenkins-x-chartmuseum http://jenkins-x-chartmuseum:8080
WARNING: No secrets found on "helm/repos" due: reading the secret "helm/repos" from vault: no secret "helm/repos" not found in vault
Read credentials for http://jenkins-x-chartmuseum:8080 from vault helm/repos
Successfully added Helm repository jenkins-x-chartmuseum.
WARNING: No $CHART_REPOSITORY defined so using the default value of: http://jenkins-x-chartmuseum:8080
Adding missing Helm repo: chartmuseum.jenkins-x.io http://chartmuseum.jenkins-x.io
WARNING: No secrets found on "helm/repos" due: reading the secret "helm/repos" from vault: no secret "helm/repos" not found in vault
Read credentials for http://chartmuseum.jenkins-x.io from vault helm/repos
Successfully added Helm repository chartmuseum.jenkins-x.io.
